2025-03-16 19:21:26,891 - INFO - Starting web scraper for https://www.dodon.ai
2025-03-16 19:21:26,891 - INFO - Output directory: new_scraped_content
2025-03-16 19:21:26,892 - INFO - Scraping: https://www.dodon.ai
2025-03-16 19:21:30,455 - INFO - Found 34 new links on https://www.dodon.ai
2025-03-16 19:21:30,457 - INFO - Found 58 assets on https://www.dodon.ai
2025-03-16 19:21:31,196 - INFO - Downloaded asset: https://cdn.prod.website-files.com/6439858f1cacf7fdfa1347e6/css/dodon-ai-upgrade.webflow.002dd771a.min.css -> assets/css/dodon-ai-upgrade.webflow.002dd771a.min.css
2025-03-16 19:21:32,104 - INFO - Downloaded asset: https://www.googletagmanager.com/gtag/js?id=G-S2VLXV89DL -> assets/js/js_js.js
2025-03-16 19:21:33,542 - INFO - Downloaded asset: https://analytics.ahrefs.com/analytics.js -> assets/js/analytics.js
2025-03-16 19:21:34,285 - INFO - Downloaded asset: https://d3e54v103j8qbb.cloudfront.net/js/jquery-3.5.1.min.dc5e7f18c8.js?site=6439858f1cacf7fdfa1347e6 -> assets/js/jquery-3.5.1.min.dc5e7f18c8.js
2025-03-16 19:21:35,240 - INFO - Downloaded asset: https://cdn.prod.website-files.com/6439858f1cacf7fdfa1347e6/js/webflow.schunk.90690657670f5b00.js -> assets/js/webflow.schunk.90690657670f5b00.js
2025-03-16 19:21:36,404 - INFO - Downloaded asset: https://cdn.prod.website-files.com/6439858f1cacf7fdfa1347e6/js/webflow.schunk.d0804268519eb1aa.js -> assets/js/webflow.schunk.d0804268519eb1aa.js
2025-03-16 19:21:37,618 - INFO - Downloaded asset: https://cdn.prod.website-files.com/6439858f1cacf7fdfa1347e6/js/webflow.schunk.72752a311c15c462.js -> assets/js/webflow.schunk.72752a311c15c462.js
2025-03-16 19:21:38,548 - INFO - Downloaded asset: https://cdn.prod.website-files.com/6439858f1cacf7fdfa1347e6/js/webflow.schunk.f28319d2fee81553.js -> assets/js/webflow.schunk.f28319d2fee81553.js
2025-03-16 19:21:39,604 - INFO - Downloaded asset: https://cdn.prod.website-files.com/6439858f1cacf7fdfa1347e6/js/webflow.af32db87.b527db6984643bf9.js -> assets/js/webflow.af32db87.b527db6984643bf9.js
2025-03-16 19:21:41,155 - INFO - Downloaded asset: https://js-na1.hs-scripts.com/39849981.js -> assets/js/39849981.js
2025-03-16 19:21:41,990 - INFO - Downloaded asset: https://cdn.prod.website-files.com/6439858f1cacf7fdfa1347e6/6439f3f60ef08858c7aefdd7_Dodon.ai-Logo-Main.png -> assets/img/6439f3f60ef08858c7aefdd7_Dodon.ai-Logo-Main.png
2025-03-16 19:21:43,150 - INFO - Downloaded asset: https://cdn.prod.website-files.com/6439858f1cacf7fdfa1347e6/643985901cacf74c2c134865_Group%20572.svg -> assets/img/643985901cacf74c2c134865_Group_20572.svg
2025-03-16 19:21:44,616 - INFO - Downloaded asset: https://cdn.prod.website-files.com/6439858f1cacf7fdfa1347e6/643985901cacf769b313485e_Group%20569.svg -> assets/img/643985901cacf769b313485e_Group_20569.svg
2025-03-16 19:21:45,558 - INFO - Downloaded asset: https://cdn.prod.website-files.com/6439858f1cacf7fdfa1347e6/643985901cacf7995e134855_Group%20565.svg -> assets/img/643985901cacf7995e134855_Group_20565.svg
2025-03-16 19:21:46,383 - INFO - Downloaded asset: https://cdn.prod.website-files.com/6439858f1cacf7fdfa1347e6/643985901cacf751a9134857_Group%20564.svg -> assets/img/643985901cacf751a9134857_Group_20564.svg
2025-03-16 19:21:47,067 - INFO - Downloaded asset: https://cdn.prod.website-files.com/6439858f1cacf7fdfa1347e6/65a002f7ba36e164c136c199_Summarizer%20YouTube%20Image.png -> assets/img/65a002f7ba36e164c136c199_Summarizer_20YouTube_20Image.png
2025-03-16 19:21:47,936 - INFO - Downloaded asset: https://cdn.prod.website-files.com/600a7682415ab7d3aafe3a5c/60115f6726bc7b64f4fe6127_Vector%2021.png -> assets/img/60115f6726bc7b64f4fe6127_Vector_2021.png
2025-03-16 19:21:48,965 - INFO - Downloaded asset: https://cdn.prod.website-files.com/600a7682415ab7d3aafe3a5c/60115f2461752e67ee877b89_Vector.svg -> assets/img/60115f2461752e67ee877b89_Vector.svg
2025-03-16 19:21:49,722 - INFO - Downloaded asset: https://cdn.prod.website-files.com/6439858f1cacf7fdfa1347e6/6439d11c604b7791fbd08f1e_macbook.png -> assets/img/6439d11c604b7791fbd08f1e_macbook.png
2025-03-16 19:21:50,544 - INFO - Downloaded asset: https://cdn.prod.website-files.com/600a7682415ab7d3aafe3a5c/60a77130952c83559b45a570_Ellipse%20104-min.png -> assets/img/60a77130952c83559b45a570_Ellipse_20104-min.png
2025-03-16 19:21:51,934 - INFO - Downloaded asset: https://cdn.prod.website-files.com/600a7682415ab7d3aafe3a5c/60a77131308f92eca2edfa50_Ellipse%20105-min.png -> assets/img/60a77131308f92eca2edfa50_Ellipse_20105-min.png
2025-03-16 19:21:53,164 - INFO - Downloaded asset: https://cdn.prod.website-files.com/600a7682415ab7d3aafe3a5c/60a771304485083906a47c2b_Ellipse%20103-min.png -> assets/img/60a771304485083906a47c2b_Ellipse_20103-min.png
2025-03-16 19:21:53,969 - INFO - Downloaded asset: https://cdn.prod.website-files.com/600a7682415ab7d3aafe3a5c/60115f253c7db37a73e3c165_Quote%201.svg -> assets/img/60115f253c7db37a73e3c165_Quote_201.svg
2025-03-16 19:21:55,377 - INFO - Downloaded asset: https://cdn.prod.website-files.com/6439858f1cacf7fdfa1347e6/6439c683fe444717c22700ff_Ben.jpeg -> assets/img/6439c683fe444717c22700ff_Ben.jpeg
2025-03-16 19:21:56,185 - INFO - Downloaded asset: https://cdn.prod.website-files.com/600a7682415ab7d3aafe3a5c/60115f2444f2aa7d87ba390b_Group%20412.svg -> assets/img/60115f2444f2aa7d87ba390b_Group_20412.svg
2025-03-16 19:21:56,984 - INFO - Downloaded asset: https://cdn.prod.website-files.com/600a7682415ab7d3aafe3a5c/60115f24c7982378eebb5822_Group%20299.svg -> assets/img/60115f24c7982378eebb5822_Group_20299.svg
2025-03-16 19:21:58,089 - INFO - Downloaded asset: https://cdn.prod.website-files.com/6439858f1cacf7fdfa1347e6/65a026c4ce8ce4a26a3b3967_Chat%20with%20your%20Matter%20YouTube%20Image.png -> assets/img/65a026c4ce8ce4a26a3b3967_Chat_20with_20your_20Matter_20YouTube_20Image.png
2025-03-16 19:21:59,638 - INFO - Downloaded asset: https://cdn.prod.website-files.com/600a7682415ab7d3aafe3a5c/60115f679156d45981d7ad0b_Vector%2019.png -> assets/img/60115f679156d45981d7ad0b_Vector_2019.png
2025-03-16 19:22:00,355 - INFO - Downloaded asset: https://cdn.prod.website-files.com/600a7682415ab7d3aafe3a5c/60128de3ac01f8763d3f9df5_Group%20415.svg -> assets/img/60128de3ac01f8763d3f9df5_Group_20415.svg
2025-03-16 19:22:01,480 - INFO - Downloaded asset: https://cdn.prod.website-files.com/6439858f1cacf7fdfa1347e6/6439f16dc9e8899bcee7250d_matter.png -> assets/img/6439f16dc9e8899bcee7250d_matter.png
2025-03-16 19:22:02,593 - INFO - Downloaded asset: https://cdn.prod.website-files.com/600a7682415ab7d3aafe3a5c/60ab443bba76be39cf6a208b_Ellipse%20106-min.png -> assets/img/60ab443bba76be39cf6a208b_Ellipse_20106-min.png
2025-03-16 19:22:03,786 - INFO - Downloaded asset: https://cdn.prod.website-files.com/600a7682415ab7d3aafe3a5c/602e1fecc4cb49bbeea8cf02_Vector%206-min.png -> assets/img/602e1fecc4cb49bbeea8cf02_Vector_206-min.png
2025-03-16 19:22:05,234 - INFO - Downloaded asset: https://cdn.prod.website-files.com/600a7682415ab7d3aafe3a5c/600fcab58923c15ca6aeaa7d_Vector%2016-min.png -> assets/img/600fcab58923c15ca6aeaa7d_Vector_2016-min.png
2025-03-16 19:22:06,867 - INFO - Downloaded asset: https://cdn.prod.website-files.com/6439858f1cacf7fdfa1347e6/64398e23a585bf83d21d3c82_Purple%20Logo.png -> assets/img/64398e23a585bf83d21d3c82_Purple_20Logo.png
2025-03-16 19:22:07,641 - INFO - Downloaded asset: https://cdn.prod.website-files.com/6439858f1cacf7fdfa1347e6/643985901cacf71c2013486e_Group%20400.svg -> assets/img/643985901cacf71c2013486e_Group_20400.svg
2025-03-16 19:22:08,988 - INFO - Downloaded asset: https://cdn.prod.website-files.com/6439858f1cacf7fdfa1347e6/643985901cacf784c3134871_Twitter.svg -> assets/img/643985901cacf784c3134871_Twitter.svg
2025-03-16 19:22:09,915 - INFO - Downloaded asset: https://cdn.prod.website-files.com/6439858f1cacf7fdfa1347e6/662a85f6fd3e401f3c095a46_yt_icon_mono_light.png -> assets/img/662a85f6fd3e401f3c095a46_yt_icon_mono_light.png
2025-03-16 19:22:10,890 - INFO - Downloaded asset: https://cdn.prod.website-files.com/6439858f1cacf7fdfa1347e6/643ae9b103055e7c135e3f44_favicon2.png -> assets/icons/643ae9b103055e7c135e3f44_favicon2.png
2025-03-16 19:22:11,996 - INFO - Downloaded asset: https://cdn.prod.website-files.com/6439858f1cacf7fdfa1347e6/643ae9d7fbddc17b56e93108_Chimes.png -> assets/icons/643ae9d7fbddc17b56e93108_Chimes.png
2025-03-16 19:22:12,021 - INFO - Saved: https://www.dodon.ai -> new_scraped_content/index.html
2025-03-16 19:22:12,022 - INFO - Progress: 1 pages scraped, 16 in queue
2025-03-16 19:22:12,022 - INFO - Scraping: https://www.dodon.ai/
2025-03-16 19:22:12,022 - INFO - Scraping: https://www.dodon.ai/deposition-summary-software/
2025-03-16 19:22:12,023 - INFO - Scraping: https://www.dodon.ai/ai-deposition-transcript-software/
2025-03-16 19:22:12,023 - INFO - Scraping: https://www.dodon.ai/ai-medical-record-summaries-chronologies/
2025-03-16 19:22:12,024 - INFO - Scraping: https://www.dodon.ai/ai-pdf-ocr/
2025-03-16 19:22:13,868 - INFO - Found 17 new links on https://www.dodon.ai/ai-pdf-ocr/
2025-03-16 19:22:13,870 - INFO - Found 69 assets on https://www.dodon.ai/ai-pdf-ocr/
2025-03-16 19:22:14,401 - INFO - Found 19 new links on https://www.dodon.ai/ai-deposition-transcript-software/
2025-03-16 19:22:14,404 - INFO - Found 64 assets on https://www.dodon.ai/ai-deposition-transcript-software/
2025-03-16 19:22:14,752 - INFO - Downloaded asset: https://cdn.prod.website-files.com/6439858f1cacf7fdfa1347e6/js/webflow.8d5092aa.ee6b5cb95b7d86e7.js -> assets/js/webflow.8d5092aa.ee6b5cb95b7d86e7.js
2025-03-16 19:22:15,122 - INFO - Found 18 new links on https://www.dodon.ai/ai-medical-record-summaries-chronologies/
2025-03-16 19:22:15,125 - INFO - Found 77 assets on https://www.dodon.ai/ai-medical-record-summaries-chronologies/
2025-03-16 19:22:15,227 - INFO - Found 17 new links on https://www.dodon.ai/
2025-03-16 19:22:15,230 - INFO - Found 58 assets on https://www.dodon.ai/
2025-03-16 19:22:15,230 - INFO - Saved: https://www.dodon.ai/ -> new_scraped_content/index.html
2025-03-16 19:22:15,297 - INFO - Found 20 new links on https://www.dodon.ai/deposition-summary-software/
2025-03-16 19:22:15,301 - INFO - Found 75 assets on https://www.dodon.ai/deposition-summary-software/
2025-03-16 19:22:15,679 - INFO - Downloaded asset: https://cdn.prod.website-files.com/6439858f1cacf7fdfa1347e6/js/webflow.8d5092aa.ee6b5cb95b7d86e7.js -> assets/js/webflow.8d5092aa.ee6b5cb95b7d86e7_1.js
2025-03-16 19:22:15,955 - INFO - Downloaded asset: https://cdn.prod.website-files.com/6439858f1cacf7fdfa1347e6/67c944f3515511c0a8eba25d_Screenshot%202025-03-06%20at%201.22.53%E2%80%AFAM.png -> assets/img/67c944f3515511c0a8eba25d_Screenshot_202025-03-06_20at_201.22.53_E2_80_AFAM.png
2025-03-16 19:22:16,326 - INFO - Downloaded asset: https://cdn.prod.website-files.com/6439858f1cacf7fdfa1347e6/6439efde9232c848dd5c019a_summarizer.png -> assets/img/6439efde9232c848dd5c019a_summarizer.png
2025-03-16 19:22:16,742 - INFO - Downloaded asset: https://cdn.prod.website-files.com/6439858f1cacf7fdfa1347e6/66291367ade61a3c1ee51d0d_Screenshot%20of%20Sample%20Medical%20Record%20Summary.png -> assets/img/66291367ade61a3c1ee51d0d_Screenshot_20of_20Sample_20Medical_20Record_20Summary.png
2025-03-16 19:22:17,035 - INFO - Downloaded asset: https://cdn.prod.website-files.com/6439858f1cacf7fdfa1347e6/67c946a534a22e67ce66437b_ocr%20table.jpg -> assets/img/67c946a534a22e67ce66437b_ocr_20table.jpg
2025-03-16 19:22:17,286 - INFO - Downloaded asset: https://cdn.prod.website-files.com/6439858f1cacf7fdfa1347e6/65971b63deedb95ebd6f1a7d_Chat%20with%20Transcript.png -> assets/img/65971b63deedb95ebd6f1a7d_Chat_20with_20Transcript.png
2025-03-16 19:22:17,381 - INFO - Downloaded asset: https://cdn.prod.website-files.com/6439858f1cacf7fdfa1347e6/663297bf02f9281cefb3e6af_mw-justice-logo.png -> assets/img/663297bf02f9281cefb3e6af_mw-justice-logo.png
2025-03-16 19:22:17,641 - INFO - Downloaded asset: https://cdn.prod.website-files.com/6439858f1cacf7fdfa1347e6/65cb9f28065f08f80a825a83_Dodonai%20Page-Line%20AI%20Deposition%20Summaries.png -> assets/img/65cb9f28065f08f80a825a83_Dodonai_20Page-Line_20AI_20Deposition_20Summaries.png
2025-03-16 19:22:17,840 - INFO - Downloaded asset: https://cdn.prod.website-files.com/6439858f1cacf7fdfa1347e6/67c9475d38114e78c50acf05_Screenshot%202025-03-06%20at%201.57.27%E2%80%AFAM.png -> assets/img/67c9475d38114e78c50acf05_Screenshot_202025-03-06_20at_201.57.27_E2_80_AFAM.png
2025-03-16 19:22:18,375 - INFO - Downloaded asset: https://cdn.prod.website-files.com/6439858f1cacf7fdfa1347e6/65a026c67648167a7e2e5dde_Transcript%20Mgmt%20YouTube%20Image.png -> assets/img/65a026c67648167a7e2e5dde_Transcript_20Mgmt_20YouTube_20Image.png
2025-03-16 19:22:18,803 - INFO - Downloaded asset: https://cdn.prod.website-files.com/6439858f1cacf7fdfa1347e6/67c9b28d8cadb57b6db87599_Screenshot%202025-03-06%20at%209.34.24%E2%80%AFAM.png -> assets/img/67c9b28d8cadb57b6db87599_Screenshot_202025-03-06_20at_209.34.24_E2_80_AFAM.png
2025-03-16 19:22:18,921 - INFO - Downloaded asset: https://cdn.prod.website-files.com/6439858f1cacf7fdfa1347e6/662911a65581070730b8ba90_Screenshot%202024-04-24%20at%2010.05.19%E2%80%AFAM.png -> assets/img/662911a65581070730b8ba90_Screenshot_202024-04-24_20at_2010.05.19_E2_80_AFAM.png
2025-03-16 19:22:19,179 - INFO - Downloaded asset: https://cdn.prod.website-files.com/6439858f1cacf7fdfa1347e6/653ad09742b379baaa43fae9_Screen%20Shot%202023-10-26%20at%204.48.10%20PM.png -> assets/img/653ad09742b379baaa43fae9_Screen_20Shot_202023-10-26_20at_204.48.10_20PM.png
2025-03-16 19:22:19,605 - INFO - Downloaded asset: https://cdn.prod.website-files.com/6439858f1cacf7fdfa1347e6/653ad09742b379baaa43fae9_Screen%20Shot%202023-10-26%20at%204.48.10%20PM.png -> assets/img/653ad09742b379baaa43fae9_Screen_20Shot_202023-10-26_20at_204.48.10_20PM_1.png
2025-03-16 19:22:19,976 - INFO - Downloaded asset: https://cdn.prod.website-files.com/6439858f1cacf7fdfa1347e6/67c93de2a3584f0c8f0d7b0d_OCR%20Video%20Thumbnail.png -> assets/img/67c93de2a3584f0c8f0d7b0d_OCR_20Video_20Thumbnail.png
2025-03-16 19:22:20,303 - INFO - Downloaded asset: https://cdn.prod.website-files.com/6439858f1cacf7fdfa1347e6/65971b62375e4f5923106f12_Selected%20Transcript.png -> assets/img/65971b62375e4f5923106f12_Selected_20Transcript.png
2025-03-16 19:22:20,443 - INFO - Downloaded asset: https://cdn.prod.website-files.com/6439858f1cacf7fdfa1347e6/643985901cacf76314134859_Group%20562.svg -> assets/img/643985901cacf76314134859_Group_20562.svg
2025-03-16 19:22:20,625 - INFO - Downloaded asset: https://cdn.prod.website-files.com/6439858f1cacf7fdfa1347e6/65cbab8c4af05e368831d314_Dodonai%20UI%20screenshot%20deposition%20summary%20form.png -> assets/img/65cbab8c4af05e368831d314_Dodonai_20UI_20screenshot_20deposition_20summary_20form.png
2025-03-16 19:22:20,639 - INFO - Downloaded asset: https://cdn.prod.website-files.com/6439858f1cacf7fdfa1347e6/643985901cacf76314134859_Group%20562.svg -> assets/img/643985901cacf76314134859_Group_20562_1.svg
2025-03-16 19:22:21,258 - INFO - Downloaded asset: https://cdn.prod.website-files.com/6439858f1cacf7fdfa1347e6/643985901cacf76621134856_Group%20566.svg -> assets/img/643985901cacf76621134856_Group_20566.svg
2025-03-16 19:22:21,434 - INFO - Downloaded asset: https://cdn.prod.website-files.com/6439858f1cacf7fdfa1347e6/643985901cacf76621134856_Group%20566.svg -> assets/img/643985901cacf76621134856_Group_20566_1.svg
2025-03-16 19:22:21,520 - INFO - Downloaded asset: https://cdn.prod.website-files.com/6439858f1cacf7fdfa1347e6/643985901cacf7372413485a_Group%20567.svg -> assets/img/643985901cacf7372413485a_Group_20567.svg
2025-03-16 19:22:22,223 - INFO - Downloaded asset: https://cdn.prod.website-files.com/6439858f1cacf7fdfa1347e6/643985901cacf7372413485a_Group%20567.svg -> assets/img/643985901cacf7372413485a_Group_20567_1.svg
2025-03-16 19:22:22,323 - INFO - Downloaded asset: https://cdn.prod.website-files.com/6439858f1cacf7fdfa1347e6/643985901cacf74d96134863_Group%20571.svg -> assets/img/643985901cacf74d96134863_Group_20571.svg
2025-03-16 19:22:22,608 - INFO - Downloaded asset: https://cdn.prod.website-files.com/6439858f1cacf7fdfa1347e6/65cba9901dd6f96aa6361d78_Dodonai%20UI%20screenshot%20of%20completed%20deposition%20summary.png -> assets/img/65cba9901dd6f96aa6361d78_Dodonai_20UI_20screenshot_20of_20completed_20deposition_20summary.png
2025-03-16 19:22:22,993 - INFO - Downloaded asset: https://cdn.prod.website-files.com/6439858f1cacf7fdfa1347e6/662a90d27bdc0a2a8d65f4e5_Screenshot%20Selecting%20Medical%20Record%20Summary%20Type.png -> assets/img/662a90d27bdc0a2a8d65f4e5_Screenshot_20Selecting_20Medical_20Record_20Summary_20Type.png
2025-03-16 19:22:23,428 - INFO - Downloaded asset: https://cdn.prod.website-files.com/600a7682415ab7d3aafe3a5c/60151633cb58213f20aa80ae_Group%20434.svg -> assets/img/60151633cb58213f20aa80ae_Group_20434.svg
2025-03-16 19:22:23,756 - INFO - Downloaded asset: https://cdn.prod.website-files.com/600a7682415ab7d3aafe3a5c/60151633cb58213f20aa80ae_Group%20434.svg -> assets/img/60151633cb58213f20aa80ae_Group_20434_1.svg
2025-03-16 19:22:23,856 - INFO - Downloaded asset: https://cdn.prod.website-files.com/6439858f1cacf7fdfa1347e6/67c953b6f3cb9d16ef3a098e_Screenshot%202025-03-06%20at%202.50.07%E2%80%AFAM.png -> assets/img/67c953b6f3cb9d16ef3a098e_Screenshot_202025-03-06_20at_202.50.07_E2_80_AFAM.png
2025-03-16 19:22:24,089 - INFO - Downloaded asset: https://cdn.prod.website-files.com/6439858f1cacf7fdfa1347e6/662a90dcbced61701896b787_Screenshot%20of%20Sample%20Medical%20Chronology.png -> assets/img/662a90dcbced61701896b787_Screenshot_20of_20Sample_20Medical_20Chronology.png
2025-03-16 19:22:24,486 - INFO - Downloaded asset: https://cdn.prod.website-files.com/600a7682415ab7d3aafe3a5c/6018221fcbd73d2376891dcf_jurica-koletic-7YVZYZeITc8-unsplash-2-min.png -> assets/img/6018221fcbd73d2376891dcf_jurica-koletic-7YVZYZeITc8-unsplash-2-min.png
2025-03-16 19:22:24,713 - INFO - Downloaded asset: https://cdn.prod.website-files.com/600a7682415ab7d3aafe3a5c/6018221fcbd73d2376891dcf_jurica-koletic-7YVZYZeITc8-unsplash-2-min.png -> assets/img/6018221fcbd73d2376891dcf_jurica-koletic-7YVZYZeITc8-unsplash-2-min_1.png
2025-03-16 19:22:24,768 - INFO - Downloaded asset: https://cdn.prod.website-files.com/6439858f1cacf7fdfa1347e6/67c953e87847c16477c3e35b_Screenshot%202025-03-06%20at%202.50.57%E2%80%AFAM.png -> assets/img/67c953e87847c16477c3e35b_Screenshot_202025-03-06_20at_202.50.57_E2_80_AFAM.png
2025-03-16 19:22:24,927 - INFO - Downloaded asset: https://cdn.prod.website-files.com/6439858f1cacf7fdfa1347e6/6629151d2083d8d3695f7061_Screenshot%20of%20Sample%20Medical%20Record%20Summary.png -> assets/img/6629151d2083d8d3695f7061_Screenshot_20of_20Sample_20Medical_20Record_20Summary.png
2025-03-16 19:22:25,455 - INFO - Downloaded asset: https://cdn.prod.website-files.com/600a7682415ab7d3aafe3a5c/6018221e68912a5a76dcafec_jurica-koletic-7YVZYZeITc8-unsplash-1-min.png -> assets/img/6018221e68912a5a76dcafec_jurica-koletic-7YVZYZeITc8-unsplash-1-min.png
2025-03-16 19:22:25,699 - INFO - Downloaded asset: https://cdn.prod.website-files.com/6439858f1cacf7fdfa1347e6/67c9563bfd54d778a7372774_Screenshot%202025-03-06%20at%203.00.50%E2%80%AFAM.png -> assets/img/67c9563bfd54d778a7372774_Screenshot_202025-03-06_20at_203.00.50_E2_80_AFAM.png
2025-03-16 19:22:25,711 - INFO - Downloaded asset: https://cdn.prod.website-files.com/600a7682415ab7d3aafe3a5c/6018221e68912a5a76dcafec_jurica-koletic-7YVZYZeITc8-unsplash-1-min.png -> assets/img/6018221e68912a5a76dcafec_jurica-koletic-7YVZYZeITc8-unsplash-1-min_1.png
2025-03-16 19:22:25,901 - INFO - Downloaded asset: https://cdn.prod.website-files.com/600a7682415ab7d3aafe3a5c/6018221e68912a5a76dcafec_jurica-koletic-7YVZYZeITc8-unsplash-1-min.png -> assets/img/6018221e68912a5a76dcafec_jurica-koletic-7YVZYZeITc8-unsplash-1-min_2.png
2025-03-16 19:22:26,754 - INFO - Downloaded asset: https://cdn.prod.website-files.com/6439858f1cacf7fdfa1347e6/643985901cacf7582c134869_Vector.svg -> assets/img/643985901cacf7582c134869_Vector.svg
2025-03-16 19:22:26,791 - INFO - Saved: https://www.dodon.ai/deposition-summary-software/ -> new_scraped_content/deposition-summary-software.html
2025-03-16 19:22:26,821 - INFO - Downloaded asset: https://cdn.prod.website-files.com/6439858f1cacf7fdfa1347e6/643985901cacf7582c134869_Vector.svg -> assets/img/643985901cacf7582c134869_Vector_1.svg
2025-03-16 19:22:26,852 - INFO - Saved: https://www.dodon.ai/ai-medical-record-summaries-chronologies/ -> new_scraped_content/ai-medical-record-summaries-chronologies.html
2025-03-16 19:22:26,956 - INFO - Downloaded asset: https://cdn.prod.website-files.com/6439858f1cacf7fdfa1347e6/643985901cacf7582c134869_Vector.svg -> assets/img/643985901cacf7582c134869_Vector_2.svg
2025-03-16 19:22:26,984 - INFO - Saved: https://www.dodon.ai/ai-deposition-transcript-software/ -> new_scraped_content/ai-deposition-transcript-software.html
2025-03-16 19:22:27,260 - INFO - Downloaded asset: https://cdn.prod.website-files.com/6439858f1cacf7fdfa1347e6/643985901cacf7582c134869_Vector.svg -> assets/img/643985901cacf7582c134869_Vector_3.svg
2025-03-16 19:22:27,287 - INFO - Saved: https://www.dodon.ai/ai-pdf-ocr/ -> new_scraped_content/ai-pdf-ocr.html
2025-03-16 19:22:27,287 - INFO - Progress: 6 pages scraped, 11 in queue
2025-03-16 19:22:27,288 - INFO - Scraping: https://www.dodon.ai/electronic-discovery-software/
2025-03-16 19:22:27,288 - INFO - Scraping: https://www.dodon.ai/pricing/
2025-03-16 19:22:27,288 - INFO - Scraping: https://www.dodon.ai/blog/
2025-03-16 19:22:27,288 - INFO - Scraping: https://www.dodon.ai/terms-and-conditions/
2025-03-16 19:22:27,289 - INFO - Scraping: https://www.dodon.ai/privacy-policy/
2025-03-16 19:22:28,757 - INFO - Found 6 new links on https://www.dodon.ai/pricing/
2025-03-16 19:22:28,759 - INFO - Found 49 assets on https://www.dodon.ai/pricing/
2025-03-16 19:22:29,532 - INFO - Found 6 new links on https://www.dodon.ai/terms-and-conditions/
2025-03-16 19:22:29,534 - INFO - Found 23 assets on https://www.dodon.ai/terms-and-conditions/
2025-03-16 19:22:29,603 - INFO - Downloaded asset: https://cdn.prod.website-files.com/6439858f1cacf7fdfa1347e6/js/webflow.53484c33.6f7568a166edc76f.js -> assets/js/webflow.53484c33.6f7568a166edc76f.js
2025-03-16 19:22:29,764 - INFO - Found 6 new links on https://www.dodon.ai/privacy-policy/
2025-03-16 19:22:29,766 - INFO - Found 23 assets on https://www.dodon.ai/privacy-policy/
2025-03-16 19:22:30,133 - INFO - Found 6 new links on https://www.dodon.ai/electronic-discovery-software/
2025-03-16 19:22:30,135 - INFO - Found 65 assets on https://www.dodon.ai/electronic-discovery-software/
2025-03-16 19:22:30,155 - INFO - Downloaded asset: https://cdn.prod.website-files.com/6439858f1cacf7fdfa1347e6/js/webflow.0cdcfb5c.2f7b735fa7692a21.js -> assets/js/webflow.0cdcfb5c.2f7b735fa7692a21.js
2025-03-16 19:22:30,173 - INFO - Saved: https://www.dodon.ai/terms-and-conditions/ -> new_scraped_content/terms-and-conditions.html
2025-03-16 19:22:30,446 - INFO - Found 30 new links on https://www.dodon.ai/blog/
2025-03-16 19:22:30,449 - INFO - Found 51 assets on https://www.dodon.ai/blog/
2025-03-16 19:22:30,928 - INFO - Downloaded asset: https://cdn.prod.website-files.com/6439858f1cacf7fdfa1347e6/643985901cacf7738613486a_Vector-2.svg -> assets/img/643985901cacf7738613486a_Vector-2.svg
2025-03-16 19:22:30,952 - INFO - Saved: https://www.dodon.ai/pricing/ -> new_scraped_content/pricing.html
2025-03-16 19:22:30,984 - INFO - Downloaded asset: https://cdn.prod.website-files.com/6439858f1cacf7fdfa1347e6/656a15cd7afe4ca504047904_Screen%20Shot%202023-12-01%20at%2012.19.31%20PM.png -> assets/img/656a15cd7afe4ca504047904_Screen_20Shot_202023-12-01_20at_2012.19.31_20PM.png
2025-03-16 19:22:31,160 - INFO - Downloaded asset: https://cdn.prod.website-files.com/6439858f1cacf7fdfa1347e6/js/webflow.0cdcfb5c.2f7b735fa7692a21.js -> assets/js/webflow.0cdcfb5c.2f7b735fa7692a21_1.js
2025-03-16 19:22:31,176 - INFO - Saved: https://www.dodon.ai/privacy-policy/ -> new_scraped_content/privacy-policy.html
2025-03-16 19:22:31,669 - INFO - Downloaded asset: https://cdn.prod.website-files.com/6439858f1cacf7fdfa1347e6/js/webflow.0c3442c6.3e08b69627881128.js -> assets/js/webflow.0c3442c6.3e08b69627881128.js
2025-03-16 19:22:32,596 - INFO - Downloaded asset: https://cdn.prod.website-files.com/6439858f1cacf7fdfa1347e6/65a026c722b0aef6862906f9_eDiscovery%20YouTube%20Image.png -> assets/img/65a026c722b0aef6862906f9_eDiscovery_20YouTube_20Image.png
2025-03-16 19:22:32,808 - INFO - Downloaded asset: https://cdn.prod.website-files.com/643985901cacf7c2cd1347ef/65d636377efa6fe64f72bd25_Guide%20to%20Winning%20Deposition%20Summaries.webp -> assets/img/65d636377efa6fe64f72bd25_Guide_20to_20Winning_20Deposition_20Summaries.webp
2025-03-16 19:22:34,115 - INFO - Downloaded asset: https://cdn.prod.website-files.com/6439858f1cacf7fdfa1347e6/656a1737bda176d55950b723_ediscovery%20search.png -> assets/img/656a1737bda176d55950b723_ediscovery_20search.png
2025-03-16 19:22:34,142 - INFO - Saved: https://www.dodon.ai/electronic-discovery-software/ -> new_scraped_content/electronic-discovery-software.html
2025-03-16 19:22:34,206 - INFO - Downloaded asset: https://cdn.prod.website-files.com/643985901cacf7c2cd1347ef/65aa8530b0fdc08998e09a91_scotus-devillier-v-texas-ai-analysis-of-oral-argument.jpeg -> assets/img/65aa8530b0fdc08998e09a91_scotus-devillier-v-texas-ai-analysis-of-oral-argument.jpeg
2025-03-16 19:22:35,196 - INFO - Downloaded asset: https://cdn.prod.website-files.com/643985901cacf7c2cd1347ef/65fdd0935290aeb1c59b9798_Screenshot%202024-03-22%20at%202.39.15%E2%80%AFPM.png -> assets/img/65fdd0935290aeb1c59b9798_Screenshot_202024-03-22_20at_202.39.15_E2_80_AFPM.png
2025-03-16 19:22:36,616 - INFO - Downloaded asset: https://cdn.prod.website-files.com/643985901cacf7c2cd1347ef/65d63103be32cc948ed318e8_Crafting%20Effective%20Deposition%20Summaries.webp -> assets/img/65d63103be32cc948ed318e8_Crafting_20Effective_20Deposition_20Summaries.webp
2025-03-16 19:22:38,242 - INFO - Downloaded asset: https://cdn.prod.website-files.com/643985901cacf7c2cd1347ef/65d6296a6b5d6288895693bf_How%20to%20Draft%20an%20Issue-Based%20Deposition%20Summary.webp -> assets/img/65d6296a6b5d6288895693bf_How_20to_20Draft_20an_20Issue-Based_20Deposition_20Summary.webp
2025-03-16 19:22:39,541 - INFO - Downloaded asset: https://cdn.prod.website-files.com/643985901cacf7c2cd1347ef/65d6261de70465967af75e41_How%20to%20Draft%20a%20Page-Line%20Deposition%20Summary.webp -> assets/img/65d6261de70465967af75e41_How_20to_20Draft_20a_20Page-Line_20Deposition_20Summary.webp
2025-03-16 19:22:41,066 - INFO - Downloaded asset: https://cdn.prod.website-files.com/643985901cacf7c2cd1347ef/65d61c8e08f493d32b0e0e5c_Value%20of%20Deposition%20Summary.webp -> assets/img/65d61c8e08f493d32b0e0e5c_Value_20of_20Deposition_20Summary.webp
2025-03-16 19:22:42,700 - INFO - Downloaded asset: https://cdn.prod.website-files.com/643985901cacf7c2cd1347ef/65d4fc146b0e820db7782ff3_Using%20Depositions%20as%20Evidence.webp -> assets/img/65d4fc146b0e820db7782ff3_Using_20Depositions_20as_20Evidence.webp
2025-03-16 19:22:43,575 - INFO - Downloaded asset: https://cdn.prod.website-files.com/643985901cacf7c2cd1347ef/65d4f9985778819b0279e34f_Rules%20Governing%20Depositions.webp -> assets/img/65d4f9985778819b0279e34f_Rules_20Governing_20Depositions.webp
2025-03-16 19:22:44,818 - INFO - Downloaded asset: https://cdn.prod.website-files.com/643985901cacf7c2cd1347ef/65d4f6a8a2887636ead59763_How%20Do%20Depositions%20Work%3F%20An%20In-Depth%20Exploration.webp -> assets/img/65d4f6a8a2887636ead59763_How_20Do_20Depositions_20Work_3F_20An_20In-Depth_20Exploration.webp
2025-03-16 19:22:46,108 - INFO - Downloaded asset: https://cdn.prod.website-files.com/643985901cacf7c2cd1347ef/65d4f115babfebaa7ef1f97e_The%20Role%20of%20Depositions%20in%20Litigation.webp -> assets/img/65d4f115babfebaa7ef1f97e_The_20Role_20of_20Depositions_20in_20Litigation.webp
2025-03-16 19:22:47,110 - INFO - Downloaded asset: https://cdn.prod.website-files.com/643985901cacf7c2cd1347ef/65d4fcf3731eceb39f66aa78_Understanding%20Depositions%20A%20Comprehensive%20Guide.webp -> assets/img/65d4fcf3731eceb39f66aa78_Understanding_20Depositions_20A_20Comprehensive_20Guide.webp
2025-03-16 19:22:48,851 - INFO - Downloaded asset: https://cdn.prod.website-files.com/643985901cacf7c2cd1347ef/65a7fecac586bd467814536b_justice-john-roberts.jpg -> assets/img/65a7fecac586bd467814536b_justice-john-roberts.jpg
2025-03-16 19:22:49,995 - INFO - Downloaded asset: https://cdn.prod.website-files.com/643985901cacf7c2cd1347ef/656b5d6fcb1171dcc068ca7c_PP_22.01.27_SCOTUS_feature.webp -> assets/img/656b5d6fcb1171dcc068ca7c_PP_22.01.27_SCOTUS_feature.webp
2025-03-16 19:22:51,190 - INFO - Downloaded asset: https://cdn.prod.website-files.com/643985901cacf7c2cd1347ef/656b62a7ec59b15c2737598b_ai-law-policy-regulation-illustration-600nw-2304838037.webp -> assets/img/656b62a7ec59b15c2737598b_ai-law-policy-regulation-illustration-600nw-2304838037.webp
2025-03-16 19:22:51,215 - INFO - Saved: https://www.dodon.ai/blog/ -> new_scraped_content/blog.html
2025-03-16 19:22:51,215 - INFO - Progress: 11 pages scraped, 16 in queue
2025-03-16 19:22:51,215 - INFO - Scraping: https://www.dodon.ai/blog/writing-winning-deposition-summaries-dodonai-comprehensive-guide/
2025-03-16 19:22:51,216 - INFO - Scraping: https://www.dodon.ai/blog/6-ways-deposition-summaries-provide-value-in-litigation/
2025-03-16 19:22:51,216 - INFO - Scraping: https://www.dodon.ai/blog/how-to-draft-a-page-line-deposition-summary/
2025-03-16 19:22:51,216 - INFO - Scraping: https://www.dodon.ai/blog/how-to-draft-a-issue-based-deposition-summary/
2025-03-16 19:22:51,216 - INFO - Scraping: https://www.dodon.ai/blog/understanding-depositions-a-comprehensive-guide/
2025-03-16 19:22:53,042 - INFO - Found 6 new links on https://www.dodon.ai/blog/how-to-draft-a-issue-based-deposition-summary/
2025-03-16 19:22:53,045 - INFO - Found 46 assets on https://www.dodon.ai/blog/how-to-draft-a-issue-based-deposition-summary/
2025-03-16 19:22:53,059 - INFO - Found 10 new links on https://www.dodon.ai/blog/understanding-depositions-a-comprehensive-guide/
2025-03-16 19:22:53,061 - INFO - Found 46 assets on https://www.dodon.ai/blog/understanding-depositions-a-comprehensive-guide/
2025-03-16 19:22:53,237 - INFO - Found 6 new links on https://www.dodon.ai/blog/6-ways-deposition-summaries-provide-value-in-litigation/
2025-03-16 19:22:53,239 - INFO - Found 46 assets on https://www.dodon.ai/blog/6-ways-deposition-summaries-provide-value-in-litigation/
2025-03-16 19:22:53,667 - INFO - Downloaded asset: https://cdn.prod.website-files.com/643985901cacf7c2cd1347ef/656b62f646ef851fd16d90be_Chimes.png -> assets/img/656b62f646ef851fd16d90be_Chimes.png
2025-03-16 19:22:54,064 - INFO - Downloaded asset: https://cdn.prod.website-files.com/643985901cacf7c2cd1347ef/656b62f646ef851fd16d90be_Chimes.png -> assets/img/656b62f646ef851fd16d90be_Chimes_1.png
2025-03-16 19:22:54,248 - INFO - Found 6 new links on https://www.dodon.ai/blog/how-to-draft-a-page-line-deposition-summary/
2025-03-16 19:22:54,250 - INFO - Found 46 assets on https://www.dodon.ai/blog/how-to-draft-a-page-line-deposition-summary/
2025-03-16 19:22:54,480 - INFO - Found 7 new links on https://www.dodon.ai/blog/writing-winning-deposition-summaries-dodonai-comprehensive-guide/
2025-03-16 19:22:54,483 - INFO - Found 46 assets on https://www.dodon.ai/blog/writing-winning-deposition-summaries-dodonai-comprehensive-guide/
2025-03-16 19:22:54,518 - INFO - Downloaded asset: https://cdn.prod.website-files.com/600a7682415ab7d3aafe3a5c/601b7877bd7dd2318cd3fe9a_Vector-2.svg -> assets/img/601b7877bd7dd2318cd3fe9a_Vector-2.svg
2025-03-16 19:22:54,557 - INFO - Downloaded asset: https://cdn.prod.website-files.com/643985901cacf7c2cd1347ef/656b62f646ef851fd16d90be_Chimes.png -> assets/img/656b62f646ef851fd16d90be_Chimes_2.png
2025-03-16 19:22:55,100 - INFO - Downloaded asset: https://cdn.prod.website-files.com/643985901cacf7c2cd1347ef/661d55e125c25112a1ca882c_Screenshot%202024-04-15%20at%2012.28.39%E2%80%AFPM.png -> assets/img/661d55e125c25112a1ca882c_Screenshot_202024-04-15_20at_2012.28.39_E2_80_AFPM.png
2025-03-16 19:22:55,240 - INFO - Downloaded asset: https://cdn.prod.website-files.com/643985901cacf7c2cd1347ef/661d55e125c25112a1ca882c_Screenshot%202024-04-15%20at%2012.28.39%E2%80%AFPM.png -> assets/img/661d55e125c25112a1ca882c_Screenshot_202024-04-15_20at_2012.28.39_E2_80_AFPM_1.png
2025-03-16 19:22:55,267 - INFO - Downloaded asset: https://cdn.prod.website-files.com/600a7682415ab7d3aafe3a5c/601b78762f9c2251084fe444_Vector.svg -> assets/img/601b78762f9c2251084fe444_Vector.svg
2025-03-16 19:22:55,290 - INFO - Saved: https://www.dodon.ai/blog/6-ways-deposition-summaries-provide-value-in-litigation/ -> new_scraped_content/blog_6-ways-deposition-summaries-provide-value-in-litigation.html
2025-03-16 19:22:55,534 - INFO - Downloaded asset: https://cdn.prod.website-files.com/600a7682415ab7d3aafe3a5c/601b7877bd7dd2318cd3fe9a_Vector-2.svg -> assets/img/601b7877bd7dd2318cd3fe9a_Vector-2_1.svg
2025-03-16 19:22:55,559 - INFO - Saved: https://www.dodon.ai/blog/how-to-draft-a-issue-based-deposition-summary/ -> new_scraped_content/blog_how-to-draft-a-issue-based-deposition-summary.html
2025-03-16 19:22:55,878 - INFO - Downloaded asset: https://cdn.prod.website-files.com/600a7682415ab7d3aafe3a5c/601b78762f9c2251084fe444_Vector.svg -> assets/img/601b78762f9c2251084fe444_Vector_1.svg
2025-03-16 19:22:55,901 - INFO - Saved: https://www.dodon.ai/blog/writing-winning-deposition-summaries-dodonai-comprehensive-guide/ -> new_scraped_content/blog_writing-winning-deposition-summaries-dodonai-comprehensive-guide.html
2025-03-16 19:22:56,004 - INFO - Downloaded asset: https://cdn.prod.website-files.com/600a7682415ab7d3aafe3a5c/601b78762f9c2251084fe444_Vector.svg -> assets/img/601b78762f9c2251084fe444_Vector_2.svg
2025-03-16 19:22:56,028 - INFO - Saved: https://www.dodon.ai/blog/understanding-depositions-a-comprehensive-guide/ -> new_scraped_content/blog_understanding-depositions-a-comprehensive-guide.html
2025-03-16 19:22:56,774 - INFO - Downloaded asset: https://cdn.prod.website-files.com/600a7682415ab7d3aafe3a5c/601b78762f9c2251084fe444_Vector.svg -> assets/img/601b78762f9c2251084fe444_Vector_3.svg
2025-03-16 19:22:56,799 - INFO - Saved: https://www.dodon.ai/blog/how-to-draft-a-page-line-deposition-summary/ -> new_scraped_content/blog_how-to-draft-a-page-line-deposition-summary.html
2025-03-16 19:22:56,800 - INFO - Progress: 16 pages scraped, 11 in queue
2025-03-16 19:22:56,800 - INFO - Scraping: https://www.dodon.ai/blog/crafting-effective-deposition-summaries-expert-tips-and-strategies/
2025-03-16 19:22:56,800 - INFO - Scraping: https://www.dodon.ai/blog/loper-bright-enterprises-v-raimondo-ai-analysis-of-oral-argument-to-scotus/
2025-03-16 19:22:56,800 - INFO - Scraping: https://www.dodon.ai/blog/devillier-v-texas-ai-analysis-of-oral-argument/
2025-03-16 19:22:56,800 - INFO - Scraping: https://www.dodon.ai/blog/product-update-document-summary-table/
2025-03-16 19:22:56,801 - INFO - Scraping: https://www.dodon.ai/blog/using-depositions-as-evidence-a-deep-dive/
2025-03-16 19:22:59,621 - INFO - Found 1 new links on https://www.dodon.ai/blog/devillier-v-texas-ai-analysis-of-oral-argument/
2025-03-16 19:22:59,624 - INFO - Found 32 assets on https://www.dodon.ai/blog/devillier-v-texas-ai-analysis-of-oral-argument/
2025-03-16 19:22:59,638 - INFO - Found 3 new links on https://www.dodon.ai/blog/using-depositions-as-evidence-a-deep-dive/
2025-03-16 19:22:59,647 - INFO - Found 46 assets on https://www.dodon.ai/blog/using-depositions-as-evidence-a-deep-dive/
2025-03-16 19:22:59,648 - INFO - Saved: https://www.dodon.ai/blog/devillier-v-texas-ai-analysis-of-oral-argument/ -> new_scraped_content/blog_devillier-v-texas-ai-analysis-of-oral-argument.html
2025-03-16 19:22:59,648 - INFO - Saved: https://www.dodon.ai/blog/using-depositions-as-evidence-a-deep-dive/ -> new_scraped_content/blog_using-depositions-as-evidence-a-deep-dive.html
2025-03-16 19:22:59,663 - INFO - Found 1 new links on https://www.dodon.ai/blog/loper-bright-enterprises-v-raimondo-ai-analysis-of-oral-argument-to-scotus/
2025-03-16 19:22:59,665 - INFO - Found 32 assets on https://www.dodon.ai/blog/loper-bright-enterprises-v-raimondo-ai-analysis-of-oral-argument-to-scotus/
2025-03-16 19:22:59,666 - INFO - Saved: https://www.dodon.ai/blog/loper-bright-enterprises-v-raimondo-ai-analysis-of-oral-argument-to-scotus/ -> new_scraped_content/blog_loper-bright-enterprises-v-raimondo-ai-analysis-of-oral-argument-to-scotus.html
2025-03-16 19:22:59,855 - INFO - Found 0 new links on https://www.dodon.ai/blog/product-update-document-summary-table/
2025-03-16 19:22:59,856 - INFO - Found 28 assets on https://www.dodon.ai/blog/product-update-document-summary-table/
2025-03-16 19:22:59,857 - INFO - Saved: https://www.dodon.ai/blog/product-update-document-summary-table/ -> new_scraped_content/blog_product-update-document-summary-table.html
2025-03-16 19:23:00,071 - INFO - Found 3 new links on https://www.dodon.ai/blog/crafting-effective-deposition-summaries-expert-tips-and-strategies/
2025-03-16 19:23:00,073 - INFO - Found 46 assets on https://www.dodon.ai/blog/crafting-effective-deposition-summaries-expert-tips-and-strategies/
2025-03-16 19:23:00,074 - INFO - Saved: https://www.dodon.ai/blog/crafting-effective-deposition-summaries-expert-tips-and-strategies/ -> new_scraped_content/blog_crafting-effective-deposition-summaries-expert-tips-and-strategies.html
2025-03-16 19:23:00,074 - INFO - Progress: 21 pages scraped, 7 in queue
2025-03-16 19:23:00,074 - INFO - Scraping: https://www.dodon.ai/blog/rules-governing-depositions-navigating-the-legal-framework/
2025-03-16 19:23:00,074 - INFO - Scraping: https://www.dodon.ai/blog/how-do-depositions-work-an-in-depth-exploration/
2025-03-16 19:23:00,075 - INFO - Scraping: https://www.dodon.ai/blog/the-role-of-depositions-in-litigation-a-closer-look/
2025-03-16 19:23:00,075 - INFO - Scraping: https://www.dodon.ai/blog/summary-of-the-2023-year-end-report-on-the-federal-judiciary/
2025-03-16 19:23:00,075 - INFO - Scraping: https://www.dodon.ai/blog/summary-supreme-court-cases-to-watch-nyt-10-10-23/
2025-03-16 19:23:02,191 - INFO - Found 0 new links on https://www.dodon.ai/blog/summary-supreme-court-cases-to-watch-nyt-10-10-23/
2025-03-16 19:23:02,193 - INFO - Found 28 assets on https://www.dodon.ai/blog/summary-supreme-court-cases-to-watch-nyt-10-10-23/
2025-03-16 19:23:02,193 - INFO - Saved: https://www.dodon.ai/blog/summary-supreme-court-cases-to-watch-nyt-10-10-23/ -> new_scraped_content/blog_summary-supreme-court-cases-to-watch-nyt-10-10-23.html
2025-03-16 19:23:02,425 - INFO - Found 1 new links on https://www.dodon.ai/blog/summary-of-the-2023-year-end-report-on-the-federal-judiciary/
2025-03-16 19:23:02,426 - INFO - Found 30 assets on https://www.dodon.ai/blog/summary-of-the-2023-year-end-report-on-the-federal-judiciary/
2025-03-16 19:23:02,561 - INFO - Found 0 new links on https://www.dodon.ai/blog/rules-governing-depositions-navigating-the-legal-framework/
2025-03-16 19:23:02,563 - INFO - Found 46 assets on https://www.dodon.ai/blog/rules-governing-depositions-navigating-the-legal-framework/
2025-03-16 19:23:02,564 - INFO - Saved: https://www.dodon.ai/blog/rules-governing-depositions-navigating-the-legal-framework/ -> new_scraped_content/blog_rules-governing-depositions-navigating-the-legal-framework.html
2025-03-16 19:23:03,178 - INFO - Found 0 new links on https://www.dodon.ai/blog/how-do-depositions-work-an-in-depth-exploration/
2025-03-16 19:23:03,180 - INFO - Found 46 assets on https://www.dodon.ai/blog/how-do-depositions-work-an-in-depth-exploration/
2025-03-16 19:23:03,181 - INFO - Saved: https://www.dodon.ai/blog/how-do-depositions-work-an-in-depth-exploration/ -> new_scraped_content/blog_how-do-depositions-work-an-in-depth-exploration.html
2025-03-16 19:23:03,313 - INFO - Found 0 new links on https://www.dodon.ai/blog/the-role-of-depositions-in-litigation-a-closer-look/
2025-03-16 19:23:03,315 - INFO - Found 46 assets on https://www.dodon.ai/blog/the-role-of-depositions-in-litigation-a-closer-look/
2025-03-16 19:23:03,315 - INFO - Saved: https://www.dodon.ai/blog/the-role-of-depositions-in-litigation-a-closer-look/ -> new_scraped_content/blog_the-role-of-depositions-in-litigation-a-closer-look.html
2025-03-16 19:23:03,465 - INFO - Downloaded asset: https://cdn.prod.website-files.com/643985901cacf7c2cd1347ef/65b8230cb5127226494824e9_florida-bar-prudent-use-of-ai-in-practice.png -> assets/img/65b8230cb5127226494824e9_florida-bar-prudent-use-of-ai-in-practice.png
2025-03-16 19:23:03,480 - INFO - Saved: https://www.dodon.ai/blog/summary-of-the-2023-year-end-report-on-the-federal-judiciary/ -> new_scraped_content/blog_summary-of-the-2023-year-end-report-on-the-federal-judiciary.html
2025-03-16 19:23:03,480 - INFO - Progress: 26 pages scraped, 3 in queue
2025-03-16 19:23:03,481 - INFO - Scraping: https://www.dodon.ai/blog/lawyering-in-the-age-of-artificial-intelligence/
2025-03-16 19:23:03,481 - INFO - Scraping: https://www.dodon.ai/blog/relentless-v-dept-of-commerce-ai-analysis-of-oral-argument/
2025-03-16 19:23:03,481 - INFO - Scraping: https://www.dodon.ai/blog/florida-bar-prudent-use-of-ai-in-practice/
2025-03-16 19:23:04,955 - INFO - Found 0 new links on https://www.dodon.ai/blog/relentless-v-dept-of-commerce-ai-analysis-of-oral-argument/
2025-03-16 19:23:04,958 - INFO - Found 32 assets on https://www.dodon.ai/blog/relentless-v-dept-of-commerce-ai-analysis-of-oral-argument/
2025-03-16 19:23:04,958 - INFO - Saved: https://www.dodon.ai/blog/relentless-v-dept-of-commerce-ai-analysis-of-oral-argument/ -> new_scraped_content/blog_relentless-v-dept-of-commerce-ai-analysis-of-oral-argument.html
2025-03-16 19:23:04,967 - INFO - Found 0 new links on https://www.dodon.ai/blog/florida-bar-prudent-use-of-ai-in-practice/
2025-03-16 19:23:04,968 - INFO - Found 30 assets on https://www.dodon.ai/blog/florida-bar-prudent-use-of-ai-in-practice/
2025-03-16 19:23:04,968 - INFO - Saved: https://www.dodon.ai/blog/florida-bar-prudent-use-of-ai-in-practice/ -> new_scraped_content/blog_florida-bar-prudent-use-of-ai-in-practice.html
2025-03-16 19:23:06,385 - INFO - Found 0 new links on https://www.dodon.ai/blog/lawyering-in-the-age-of-artificial-intelligence/
2025-03-16 19:23:06,387 - INFO - Found 28 assets on https://www.dodon.ai/blog/lawyering-in-the-age-of-artificial-intelligence/
2025-03-16 19:23:06,387 - INFO - Saved: https://www.dodon.ai/blog/lawyering-in-the-age-of-artificial-intelligence/ -> new_scraped_content/blog_lawyering-in-the-age-of-artificial-intelligence.html
2025-03-16 19:23:06,388 - INFO - Progress: 29 pages scraped, 0 in queue
2025-03-16 19:23:06,389 - INFO - Scraping completed. Total pages scraped: 29
2025-03-16 19:23:06,389 - INFO - Total assets downloaded: 117
2025-03-16 19:23:06,389 - INFO - Results saved to new_scraped_content
